Streaming transaction logs mentioning 8QGSGBtq2dfVC3mtEyCnHBJV7vVby4nuj44wS46viY8G. Confirmed commitment
Transaction executed in slot 12:
  Signature: 4MVoPX7gAZLzY3YdFG4n2Fkykz7MKsSeox1Afvgjnhv1dcrkg5HbRENSxgXd3awBBo9Qc8FitaMktcNuUp6eRikK
  Status: Ok
  Log Messages:
    Program 8QGSGBtq2dfVC3mtEyCnHBJV7vVby4nuj44wS46viY8G invoke [1]
    Program log: Instruction: InitUser
    Program 11111111111111111111111111111111 invoke [2]
    Program 11111111111111111111111111111111 success
    Program 11111111111111111111111111111111 invoke [2]
    Program 11111111111111111111111111111111 success
    Program TokenkegQfeZyiNwAJbNbGKPFXCWuBvf9Ss623VQ5DA invoke [2]
    Program log: Instruction: InitializeAccount3
    Program TokenkegQfeZyiNwAJbNbGKPFXCWuBvf9Ss623VQ5DA consumed 4241 of 181397 compute units
    Program TokenkegQfeZyiNwAJbNbGKPFXCWuBvf9Ss623VQ5DA success
    Program log: Initializing account
    Program 8QGSGBtq2dfVC3mtEyCnHBJV7vVby4nuj44wS46viY8G consumed 25884 of 200000 compute units
    Program 8QGSGBtq2dfVC3mtEyCnHBJV7vVby4nuj44wS46viY8G success
Transaction executed in slot 13:
  Signature: 2BewjDG1vUfTn7K3GK4GTTtJsGtzBmZfwHMpaqaq4dwxoujiwWJiCUMdhv3qpkTXhcZht4VLjtomVnYQPCshveTg
  Status: Ok
  Log Messages:
    Program 8QGSGBtq2dfVC3mtEyCnHBJV7vVby4nuj44wS46viY8G invoke [1]
    Program log: Instruction: CloseUser
    Program log: Closing user account
    Program 8QGSGBtq2dfVC3mtEyCnHBJV7vVby4nuj44wS46viY8G consumed 4010 of 200000 compute units
    Program 8QGSGBtq2dfVC3mtEyCnHBJV7vVby4nuj44wS46viY8G success
Transaction executed in slot 19:
  Signature: 8eY5Ftz4dHPERmTkwJnyRT2pLTx7T42v7ikvkGjQFFRBx4F13FqDdK1Dpd9HjG7R6Z98Q3pnMPkEV4Xe9pdYdJa
  Status: Ok
  Log Messages:
    Program 8QGSGBtq2dfVC3mtEyCnHBJV7vVby4nuj44wS46viY8G invoke [1]
    Program log: Instruction: InitUser
    Program 11111111111111111111111111111111 invoke [2]
    Program 11111111111111111111111111111111 success
    Program 11111111111111111111111111111111 invoke [2]
    Program 11111111111111111111111111111111 success
    Program TokenkegQfeZyiNwAJbNbGKPFXCWuBvf9Ss623VQ5DA invoke [2]
    Program log: Instruction: InitializeAccount3
    Program TokenkegQfeZyiNwAJbNbGKPFXCWuBvf9Ss623VQ5DA consumed 4241 of 182897 compute units
    Program TokenkegQfeZyiNwAJbNbGKPFXCWuBvf9Ss623VQ5DA success
    Program log: Initializing account
    Program 8QGSGBtq2dfVC3mtEyCnHBJV7vVby4nuj44wS46viY8G consumed 24384 of 200000 compute units
    Program 8QGSGBtq2dfVC3mtEyCnHBJV7vVby4nuj44wS46viY8G success
Transaction executed in slot 20:
  Signature: XRECSHoSLV6RFQYLTn2waZKUp2QvXshy8mfotdzrXhQK7art5wforSHtuZ7hqgLMwaDphXrCahPYhBjqcc2GdqC
  Status: Ok
  Log Messages:
    Program 8QGSGBtq2dfVC3mtEyCnHBJV7vVby4nuj44wS46viY8G invoke [1]
    Program log: Instruction: InitUser
    Program 11111111111111111111111111111111 invoke [2]
    Program 11111111111111111111111111111111 success
    Program 11111111111111111111111111111111 invoke [2]
    Program 11111111111111111111111111111111 success
    Program TokenkegQfeZyiNwAJbNbGKPFXCWuBvf9Ss623VQ5DA invoke [2]
    Program log: Instruction: InitializeAccount3
    Program TokenkegQfeZyiNwAJbNbGKPFXCWuBvf9Ss623VQ5DA consumed 4241 of 179897 compute units
    Program TokenkegQfeZyiNwAJbNbGKPFXCWuBvf9Ss623VQ5DA success
    Program log: Initializing account
    Program 8QGSGBtq2dfVC3mtEyCnHBJV7vVby4nuj44wS46viY8G consumed 27384 of 200000 compute units
    Program 8QGSGBtq2dfVC3mtEyCnHBJV7vVby4nuj44wS46viY8G success
Transaction executed in slot 26:
  Signature: 3f6LnCyMGikTfcQkX3uSPSfgPqhoZeLw1Vk3gTfpGQoRxGqNN93duYYiVzpqGJDJHzDxNtNitxULhhTdWqDgUvki
  Status: Ok
  Log Messages:
    Program 8QGSGBtq2dfVC3mtEyCnHBJV7vVby4nuj44wS46viY8G invoke [1]
    Program log: Instruction: InitUser
    Program 11111111111111111111111111111111 invoke [2]
    Program 11111111111111111111111111111111 success
    Program 11111111111111111111111111111111 invoke [2]
    Program 11111111111111111111111111111111 success
    Program TokenkegQfeZyiNwAJbNbGKPFXCWuBvf9Ss623VQ5DA invoke [2]
    Program log: Instruction: InitializeAccount3
    Program TokenkegQfeZyiNwAJbNbGKPFXCWuBvf9Ss623VQ5DA consumed 4241 of 178397 compute units
    Program TokenkegQfeZyiNwAJbNbGKPFXCWuBvf9Ss623VQ5DA success
    Program log: Initializing account
    Program 8QGSGBtq2dfVC3mtEyCnHBJV7vVby4nuj44wS46viY8G consumed 28884 of 200000 compute units
    Program 8QGSGBtq2dfVC3mtEyCnHBJV7vVby4nuj44wS46viY8G success
Transaction executed in slot 31:
  Signature: 4Ek5eTkmN9rs9ggKgtViEYsk8xB3PJ4biczRVbBiopdioFC6rvYkur1pV5RYpD2hG5KHPvZw5bKcgNm9a54jWYU5
  Status: Ok
  Log Messages:
    Program 8QGSGBtq2dfVC3mtEyCnHBJV7vVby4nuj44wS46viY8G invoke [1]
    Program log: Instruction: WithdrawLamports
    Program log: Sending 1000000000 lamports to 8hisAoaKnAkXzqEJxKg6cBvpwRLTBRanPvrHwP7pzVZc
    Program log: Lamports sent
    Program 8QGSGBtq2dfVC3mtEyCnHBJV7vVby4nuj44wS46viY8G consumed 16806 of 200000 compute units
    Program 8QGSGBtq2dfVC3mtEyCnHBJV7vVby4nuj44wS46viY8G success
Transaction executed in slot 37:
  Signature: 56RLXeKwNNyrnK8mpEjpCpHJhBsX3PZqhFHPhbDaegvbzgKQmh1whm4eQUjXXLLPSZbjcNz983vN4Z9Tfi53TdES
  Status: Ok
  Log Messages:
    Program 8QGSGBtq2dfVC3mtEyCnHBJV7vVby4nuj44wS46viY8G invoke [1]
    Program log: Instruction: InitUser
    Program 11111111111111111111111111111111 invoke [2]
    Program 11111111111111111111111111111111 success
    Program 11111111111111111111111111111111 invoke [2]
    Program 11111111111111111111111111111111 success
    Program TokenkegQfeZyiNwAJbNbGKPFXCWuBvf9Ss623VQ5DA invoke [2]
    Program log: Instruction: InitializeAccount3
    Program TokenkegQfeZyiNwAJbNbGKPFXCWuBvf9Ss623VQ5DA consumed 4241 of 179897 compute units
    Program TokenkegQfeZyiNwAJbNbGKPFXCWuBvf9Ss623VQ5DA success
    Program log: Initializing account
    Program 8QGSGBtq2dfVC3mtEyCnHBJV7vVby4nuj44wS46viY8G consumed 27384 of 200000 compute units
    Program 8QGSGBtq2dfVC3mtEyCnHBJV7vVby4nuj44wS46viY8G success
Transaction executed in slot 57:
  Signature: 3sGDwCerxGpd2Xytcevr9pYFWbw1DhPapFmU8HNe3pJa2JqJM6TvBy3YecgFUcfdhCPrijUjedRKDKXXsYqu9WSG
  Status: Ok
  Log Messages:
    Program 8QGSGBtq2dfVC3mtEyCnHBJV7vVby4nuj44wS46viY8G invoke [1]
    Program log: Instruction: WithdrawUsdc
    Program log: Sending 200 USDC to 8EKqH7zwzif6UA2raSno7jYCuUX6pZuvR4tugqhJzkJo
    Program TokenkegQfeZyiNwAJbNbGKPFXCWuBvf9Ss623VQ5DA invoke [2]
    Program log: Instruction: Transfer
    Program TokenkegQfeZyiNwAJbNbGKPFXCWuBvf9Ss623VQ5DA consumed 4645 of 170799 compute units
    Program TokenkegQfeZyiNwAJbNbGKPFXCWuBvf9Ss623VQ5DA success
    Program 8QGSGBtq2dfVC3mtEyCnHBJV7vVby4nuj44wS46viY8G consumed 34517 of 200000 compute units
    Program 8QGSGBtq2dfVC3mtEyCnHBJV7vVby4nuj44wS46viY8G success
